[AccionesJuego] DEBUG [2016-09-06 22:49:37,637]: startGame
[AccionesJuego] DEBUG [2016-09-06 22:49:37,638]: startRound
[AccionesJuego] DEBUG [2016-09-06 22:49:37,638]: teamPoints(1,0)
[AccionesJuego] DEBUG [2016-09-06 22:49:37,638]: teamPoints(2,0)
[AccionesJuego] DEBUG [2016-09-06 22:49:37,639]: ('showCards(', 1, ',', ['3_espada', '1_copa', '3_oro'], ')')
[AccionesJuego] DEBUG [2016-09-06 22:49:37,639]: ('showCards(', 2, ',', ['11_basto', '10_oro', '5_copa'], ')')
[AccionesJuego] DEBUG [2016-09-06 22:49:37,639]: startHand(1)
[AccionesJuego] DEBUG [2016-09-06 22:49:37,639]: ('getActionPlayer 1', ['envido'])
[AccionesJuego] DEBUG [2016-09-06 22:49:37,640]: envido(1)
[AccionesJuego] DEBUG [2016-09-06 22:49:37,640]: startLoopEnvido
[AccionesJuego] DEBUG [2016-09-06 22:49:37,640]: ('getActionPlayer 2', ['Quiero', 1])
[AccionesJuego] DEBUG [2016-09-06 22:49:37,640]: Quiero(2)
[AccionesJuego] DEBUG [2016-09-06 22:49:37,641]: showEnvido(1,3)
[AccionesJuego] DEBUG [2016-09-06 22:49:37,642]: showEnvido(2,5)
[AccionesJuego] DEBUG [2016-09-06 22:49:37,642]: winnerEnvido(2)
[AccionesJuego] DEBUG [2016-09-06 22:49:37,642]: finishLoopEnvido
[AccionesJuego] DEBUG [2016-09-06 22:49:37,642]: ('getActionPlayer 1', ['JugarCarta', 0])
[AccionesJuego] DEBUG [2016-09-06 22:49:37,643]: showCardPlaying(1,1,3_espada)
[AccionesJuego] DEBUG [2016-09-06 22:49:37,643]: ('getActionPlayer 2', ['JugarCarta', 0])
[AccionesJuego] DEBUG [2016-09-06 22:49:37,643]: showCardPlaying(2,2,11_basto)
[AccionesJuego] DEBUG [2016-09-06 22:49:37,643]: finishHand
[AccionesJuego] DEBUG [2016-09-06 22:49:37,643]: showResultaTheHand(1,1,3_espada)
[AccionesJuego] DEBUG [2016-09-06 22:49:37,644]: startHand(2)
[AccionesJuego] DEBUG [2016-09-06 22:49:37,644]: ('getActionPlayer 1', ['JugarCarta', 0])
[AccionesJuego] DEBUG [2016-09-06 22:49:37,644]: ('getActionPlayer 1', ['JugarCarta', 1])
[AccionesJuego] DEBUG [2016-09-06 22:49:37,645]: showCardPlaying(1,1,1_copa)
[AccionesJuego] DEBUG [2016-09-06 22:49:37,645]: ('getActionPlayer 2', ['JugarCarta', 0])
[AccionesJuego] DEBUG [2016-09-06 22:49:37,645]: ('getActionPlayer 2', ['JugarCarta', 2])
[AccionesJuego] DEBUG [2016-09-06 22:49:37,645]: showCardPlaying(2,2,5_copa)
[AccionesJuego] DEBUG [2016-09-06 22:49:37,645]: finishHand
[AccionesJuego] DEBUG [2016-09-06 22:49:37,645]: showResultaTheHand(1,1,1_copa)
[AccionesJuego] DEBUG [2016-09-06 22:49:37,645]: finishRound
[AccionesJuego] DEBUG [2016-09-06 22:49:37,646]: startRound
[AccionesJuego] DEBUG [2016-09-06 22:49:37,646]: teamPoints(1,2)
[AccionesJuego] DEBUG [2016-09-06 22:49:37,646]: teamPoints(2,2)
[AccionesJuego] DEBUG [2016-09-06 22:49:37,646]: ('showCards(', 1, ',', ['5_basto', '2_copa', '2_oro'], ')')
[AccionesJuego] DEBUG [2016-09-06 22:49:37,647]: ('showCards(', 2, ',', ['12_espada', '2_espada', '5_oro'], ')')
[AccionesJuego] DEBUG [2016-09-06 22:49:37,647]: startHand(1)
[AccionesJuego] DEBUG [2016-09-06 22:49:37,647]: ('getActionPlayer 1', ['envido'])
[AccionesJuego] DEBUG [2016-09-06 22:49:37,647]: envido(1)
[AccionesJuego] DEBUG [2016-09-06 22:49:37,647]: startLoopEnvido
[AccionesJuego] DEBUG [2016-09-06 22:49:37,647]: ('getActionPlayer 2', ['Quiero', 1])
[AccionesJuego] DEBUG [2016-09-06 22:49:37,649]: Quiero(2)
[AccionesJuego] DEBUG [2016-09-06 22:49:37,649]: showEnvido(1,5)
[AccionesJuego] DEBUG [2016-09-06 22:49:37,650]: showEnvido(2,22)
[AccionesJuego] DEBUG [2016-09-06 22:49:37,650]: winnerEnvido(2)
[AccionesJuego] DEBUG [2016-09-06 22:49:37,650]: finishLoopEnvido
[AccionesJuego] DEBUG [2016-09-06 22:49:37,651]: ('getActionPlayer 1', ['JugarCarta', 2])
[AccionesJuego] DEBUG [2016-09-06 22:49:37,651]: showCardPlaying(1,1,2_oro)
[AccionesJuego] DEBUG [2016-09-06 22:49:37,651]: ('getActionPlayer 2', ['JugarCarta', 1])
[AccionesJuego] DEBUG [2016-09-06 22:49:37,651]: showCardPlaying(2,2,2_espada)
[AccionesJuego] DEBUG [2016-09-06 22:49:37,651]: finishHand
[AccionesJuego] DEBUG [2016-09-06 22:49:37,651]: parda
[AccionesJuego] DEBUG [2016-09-06 22:49:37,652]: startHand(2)
[AccionesJuego] DEBUG [2016-09-06 22:49:37,652]: ('getActionPlayer 1', ['JugarCarta', 2])
[AccionesJuego] DEBUG [2016-09-06 22:49:37,652]: ('getActionPlayer 1', ['JugarCarta', 0])
[AccionesJuego] DEBUG [2016-09-06 22:49:37,652]: showCardPlaying(1,1,5_basto)
[AccionesJuego] DEBUG [2016-09-06 22:49:37,652]: ('getActionPlayer 2', ['JugarCarta', 1])
[AccionesJuego] DEBUG [2016-09-06 22:49:37,652]: ('getActionPlayer 2', ['JugarCarta', 2])
[AccionesJuego] DEBUG [2016-09-06 22:49:37,652]: showCardPlaying(2,2,5_oro)
[AccionesJuego] DEBUG [2016-09-06 22:49:37,652]: finishHand
[AccionesJuego] DEBUG [2016-09-06 22:49:37,652]: parda
[AccionesJuego] DEBUG [2016-09-06 22:49:37,653]: startHand(3)
[AccionesJuego] DEBUG [2016-09-06 22:49:37,653]: ('getActionPlayer 1', ['JugarCarta', 2])
[AccionesJuego] DEBUG [2016-09-06 22:49:37,653]: ('getActionPlayer 1', ['JugarCarta', 1])
[AccionesJuego] DEBUG [2016-09-06 22:49:37,653]: showCardPlaying(1,1,2_copa)
[AccionesJuego] DEBUG [2016-09-06 22:49:37,653]: ('getActionPlayer 2', ['JugarCarta', 0])
[AccionesJuego] DEBUG [2016-09-06 22:49:37,653]: showCardPlaying(2,2,12_espada)
[AccionesJuego] DEBUG [2016-09-06 22:49:37,653]: finishHand
[AccionesJuego] DEBUG [2016-09-06 22:49:37,654]: showResultaTheHand(1,1,2_copa)
[AccionesJuego] DEBUG [2016-09-06 22:49:37,654]: finishRound
[AccionesJuego] DEBUG [2016-09-06 22:49:37,654]: startRound
[AccionesJuego] DEBUG [2016-09-06 22:49:37,654]: teamPoints(1,4)
[AccionesJuego] DEBUG [2016-09-06 22:49:37,655]: teamPoints(2,4)
[AccionesJuego] DEBUG [2016-09-06 22:49:37,655]: ('showCards(', 1, ',', ['11_basto', '3_espada', '6_basto'], ')')
[AccionesJuego] DEBUG [2016-09-06 22:49:37,655]: ('showCards(', 2, ',', ['12_espada', '7_espada', '10_basto'], ')')
[AccionesJuego] DEBUG [2016-09-06 22:49:37,656]: startHand(1)
[AccionesJuego] DEBUG [2016-09-06 22:49:37,656]: ('getActionPlayer 1', ['JugarCarta', 2])
[AccionesJuego] DEBUG [2016-09-06 22:49:37,656]: showCardPlaying(1,1,6_basto)
[AccionesJuego] DEBUG [2016-09-06 22:49:37,656]: ('getActionPlayer 2', ['envido'])
[AccionesJuego] DEBUG [2016-09-06 22:49:37,657]: envido(2)
[AccionesJuego] DEBUG [2016-09-06 22:49:37,657]: startLoopEnvido
[AccionesJuego] DEBUG [2016-09-06 22:49:37,657]: ('getActionPlayer 1', ['Quiero', 1])
[AccionesJuego] DEBUG [2016-09-06 22:49:37,657]: Quiero(1)
[AccionesJuego] DEBUG [2016-09-06 22:49:37,657]: showEnvido(1,26)
[AccionesJuego] DEBUG [2016-09-06 22:49:37,658]: showEnvido(2,27)
[AccionesJuego] DEBUG [2016-09-06 22:49:37,658]: winnerEnvido(2)
[AccionesJuego] DEBUG [2016-09-06 22:49:37,658]: finishLoopEnvido
[AccionesJuego] DEBUG [2016-09-06 22:49:37,658]: ('getActionPlayer 2', ['JugarCarta', 1])
[AccionesJuego] DEBUG [2016-09-06 22:49:37,658]: showCardPlaying(2,2,7_espada)
[AccionesJuego] DEBUG [2016-09-06 22:49:37,658]: finishHand
[AccionesJuego] DEBUG [2016-09-06 22:49:37,658]: showResultaTheHand(2,2,7_espada)
[AccionesJuego] DEBUG [2016-09-06 22:49:37,658]: startHand(2)
[AccionesJuego] DEBUG [2016-09-06 22:49:37,659]: ('getActionPlayer 1', ['JugarCarta', 1])
[AccionesJuego] DEBUG [2016-09-06 22:49:37,659]: showCardPlaying(1,1,3_espada)
[AccionesJuego] DEBUG [2016-09-06 22:49:37,659]: ('getActionPlayer 2', ['JugarCarta', 0])
[AccionesJuego] DEBUG [2016-09-06 22:49:37,659]: showCardPlaying(2,2,12_espada)
[AccionesJuego] DEBUG [2016-09-06 22:49:37,659]: finishHand
[AccionesJuego] DEBUG [2016-09-06 22:49:37,659]: showResultaTheHand(1,1,3_espada)
[AccionesJuego] DEBUG [2016-09-06 22:49:37,659]: startHand(3)
[AccionesJuego] DEBUG [2016-09-06 22:49:37,660]: ('getActionPlayer 1', ['JugarCarta', 1])
[AccionesJuego] DEBUG [2016-09-06 22:49:37,660]: ('getActionPlayer 1', ['JugarCarta', 0])
[AccionesJuego] DEBUG [2016-09-06 22:49:37,660]: showCardPlaying(1,1,11_basto)
[AccionesJuego] DEBUG [2016-09-06 22:49:37,660]: ('getActionPlayer 2', ['JugarCarta', 2])
[AccionesJuego] DEBUG [2016-09-06 22:49:37,660]: showCardPlaying(2,2,10_basto)
[AccionesJuego] DEBUG [2016-09-06 22:49:37,660]: finishHand
[AccionesJuego] DEBUG [2016-09-06 22:49:37,661]: showResultaTheHand(1,1,11_basto)
[AccionesJuego] DEBUG [2016-09-06 22:49:37,661]: finishRound
[AccionesJuego] DEBUG [2016-09-06 22:49:37,661]: startRound
[AccionesJuego] DEBUG [2016-09-06 22:49:37,661]: teamPoints(1,6)
[AccionesJuego] DEBUG [2016-09-06 22:49:37,662]: teamPoints(2,6)
[AccionesJuego] DEBUG [2016-09-06 22:49:37,662]: ('showCards(', 1, ',', ['3_copa', '3_espada', '6_oro'], ')')
[AccionesJuego] DEBUG [2016-09-06 22:49:37,662]: ('showCards(', 2, ',', ['4_espada', '3_oro', '5_oro'], ')')
[AccionesJuego] DEBUG [2016-09-06 22:49:37,671]: startHand(1)
[AccionesJuego] DEBUG [2016-09-06 22:49:37,671]: ('getActionPlayer 1', ['JugarCarta', 1])
[AccionesJuego] DEBUG [2016-09-06 22:49:37,672]: showCardPlaying(1,1,3_espada)
[AccionesJuego] DEBUG [2016-09-06 22:49:37,672]: ('getActionPlayer 2', ['JugarCarta', 2])
[AccionesJuego] DEBUG [2016-09-06 22:49:37,672]: showCardPlaying(2,2,5_oro)
[AccionesJuego] DEBUG [2016-09-06 22:49:37,672]: finishHand
[AccionesJuego] DEBUG [2016-09-06 22:49:37,672]: showResultaTheHand(1,1,3_espada)
[AccionesJuego] DEBUG [2016-09-06 22:49:37,672]: startHand(2)
[AccionesJuego] DEBUG [2016-09-06 22:49:37,672]: ('getActionPlayer 1', ['JugarCarta', 0])
[AccionesJuego] DEBUG [2016-09-06 22:49:37,673]: showCardPlaying(1,1,3_copa)
[AccionesJuego] DEBUG [2016-09-06 22:49:37,673]: ('getActionPlayer 2', ['JugarCarta', 2])
[AccionesJuego] DEBUG [2016-09-06 22:49:37,673]: ('getActionPlayer 2', ['JugarCarta', 1])
[AccionesJuego] DEBUG [2016-09-06 22:49:37,673]: showCardPlaying(2,2,3_oro)
[AccionesJuego] DEBUG [2016-09-06 22:49:37,673]: finishHand
[AccionesJuego] DEBUG [2016-09-06 22:49:37,674]: showResultaTheHand(1,1,3_copa)
[AccionesJuego] DEBUG [2016-09-06 22:49:37,674]: finishRound
[AccionesJuego] DEBUG [2016-09-06 22:49:37,674]: startRound
[AccionesJuego] DEBUG [2016-09-06 22:49:37,674]: teamPoints(1,8)
[AccionesJuego] DEBUG [2016-09-06 22:49:37,675]: teamPoints(2,6)
[AccionesJuego] DEBUG [2016-09-06 22:49:37,678]: ('showCards(', 1, ',', ['11_copa', '10_espada', '5_basto'], ')')
[AccionesJuego] DEBUG [2016-09-06 22:49:37,680]: ('showCards(', 2, ',', ['5_espada', '7_espada', '4_basto'], ')')
[AccionesJuego] DEBUG [2016-09-06 22:49:37,681]: startHand(1)
[AccionesJuego] DEBUG [2016-09-06 22:49:37,681]: ('getActionPlayer 1', ['JugarCarta', 0])
[AccionesJuego] DEBUG [2016-09-06 22:49:37,683]: showCardPlaying(1,1,11_copa)
[AccionesJuego] DEBUG [2016-09-06 22:49:37,683]: ('getActionPlayer 2', ['JugarCarta', 2])
[AccionesJuego] DEBUG [2016-09-06 22:49:37,685]: showCardPlaying(2,2,4_basto)
[AccionesJuego] DEBUG [2016-09-06 22:49:37,685]: finishHand
[AccionesJuego] DEBUG [2016-09-06 22:49:37,686]: showResultaTheHand(1,1,11_copa)
[AccionesJuego] DEBUG [2016-09-06 22:49:37,686]: startHand(2)
[AccionesJuego] DEBUG [2016-09-06 22:49:37,686]: ('getActionPlayer 1', ['JugarCarta', 0])
[AccionesJuego] DEBUG [2016-09-06 22:49:37,686]: ('getActionPlayer 1', ['JugarCarta', 1])
[AccionesJuego] DEBUG [2016-09-06 22:49:37,687]: showCardPlaying(1,1,10_espada)
[AccionesJuego] DEBUG [2016-09-06 22:49:37,687]: ('getActionPlayer 2', ['JugarCarta', 2])
[AccionesJuego] DEBUG [2016-09-06 22:49:37,687]: ('getActionPlayer 2', ['JugarCarta', 0])
[AccionesJuego] DEBUG [2016-09-06 22:49:37,687]: showCardPlaying(2,2,5_espada)
[AccionesJuego] DEBUG [2016-09-06 22:49:37,687]: finishHand
[AccionesJuego] DEBUG [2016-09-06 22:49:37,688]: showResultaTheHand(1,1,10_espada)
[AccionesJuego] DEBUG [2016-09-06 22:49:37,688]: finishRound
[AccionesJuego] DEBUG [2016-09-06 22:49:37,689]: startRound
[AccionesJuego] DEBUG [2016-09-06 22:49:37,689]: teamPoints(1,10)
[AccionesJuego] DEBUG [2016-09-06 22:49:37,690]: teamPoints(2,6)
[AccionesJuego] DEBUG [2016-09-06 22:49:37,690]: ('showCards(', 1, ',', ['4_copa', '2_copa', '7_oro'], ')')
[AccionesJuego] DEBUG [2016-09-06 22:49:37,691]: ('showCards(', 2, ',', ['5_espada', '4_basto', '12_espada'], ')')
[AccionesJuego] DEBUG [2016-09-06 22:49:37,691]: startHand(1)
[AccionesJuego] DEBUG [2016-09-06 22:49:37,691]: ('getActionPlayer 1', ['JugarCarta', 1])
[AccionesJuego] DEBUG [2016-09-06 22:49:37,692]: showCardPlaying(1,1,2_copa)
[AccionesJuego] DEBUG [2016-09-06 22:49:37,692]: ('getActionPlayer 2', ['JugarCarta', 1])
[AccionesJuego] DEBUG [2016-09-06 22:49:37,693]: showCardPlaying(2,2,4_basto)
[AccionesJuego] DEBUG [2016-09-06 22:49:37,693]: finishHand
[AccionesJuego] DEBUG [2016-09-06 22:49:37,694]: showResultaTheHand(1,1,2_copa)
[AccionesJuego] DEBUG [2016-09-06 22:49:37,694]: startHand(2)
[AccionesJuego] DEBUG [2016-09-06 22:49:37,694]: ('getActionPlayer 1', ['JugarCarta', 1])
[AccionesJuego] DEBUG [2016-09-06 22:49:37,694]: ('getActionPlayer 1', ['JugarCarta', 0])
[AccionesJuego] DEBUG [2016-09-06 22:49:37,695]: showCardPlaying(1,1,4_copa)
[AccionesJuego] DEBUG [2016-09-06 22:49:37,703]: ('getActionPlayer 2', ['JugarCarta', 0])
[AccionesJuego] DEBUG [2016-09-06 22:49:37,706]: showCardPlaying(2,2,5_espada)
[AccionesJuego] DEBUG [2016-09-06 22:49:37,706]: finishHand
[AccionesJuego] DEBUG [2016-09-06 22:49:37,709]: showResultaTheHand(2,2,5_espada)
[AccionesJuego] DEBUG [2016-09-06 22:49:37,709]: startHand(3)
[AccionesJuego] DEBUG [2016-09-06 22:49:37,709]: ('getActionPlayer 1', ['JugarCarta', 0])
[AccionesJuego] DEBUG [2016-09-06 22:49:37,710]: ('getActionPlayer 1', ['JugarCarta', 0])
[AccionesJuego] DEBUG [2016-09-06 22:49:37,710]: ('getActionPlayer 1', ['JugarCarta', 2])
[AccionesJuego] DEBUG [2016-09-06 22:49:37,711]: showCardPlaying(1,1,7_oro)
[AccionesJuego] DEBUG [2016-09-06 22:49:37,711]: ('getActionPlayer 2', ['JugarCarta', 0])
[AccionesJuego] DEBUG [2016-09-06 22:49:37,712]: ('getActionPlayer 2', ['JugarCarta', 2])
[AccionesJuego] DEBUG [2016-09-06 22:49:37,714]: showCardPlaying(2,2,12_espada)
[AccionesJuego] DEBUG [2016-09-06 22:49:37,714]: finishHand
[AccionesJuego] DEBUG [2016-09-06 22:49:37,715]: showResultaTheHand(1,1,7_oro)
[AccionesJuego] DEBUG [2016-09-06 22:49:37,716]: finishRound
[AccionesJuego] DEBUG [2016-09-06 22:49:37,716]: startRound
[AccionesJuego] DEBUG [2016-09-06 22:49:37,716]: teamPoints(1,12)
[AccionesJuego] DEBUG [2016-09-06 22:49:37,717]: teamPoints(2,6)
[AccionesJuego] DEBUG [2016-09-06 22:49:37,718]: ('showCards(', 1, ',', ['4_copa', '7_copa', '3_copa'], ')')
[AccionesJuego] DEBUG [2016-09-06 22:49:37,721]: ('showCards(', 2, ',', ['10_espada', '3_oro', '3_espada'], ')')
[AccionesJuego] DEBUG [2016-09-06 22:49:37,722]: startHand(1)
[AccionesJuego] DEBUG [2016-09-06 22:49:37,722]: ('getActionPlayer 1', ['JugarCarta', 2])
[AccionesJuego] DEBUG [2016-09-06 22:49:37,722]: showCardPlaying(1,1,3_copa)
[AccionesJuego] DEBUG [2016-09-06 22:49:37,722]: ('getActionPlayer 2', ['envido'])
[AccionesJuego] DEBUG [2016-09-06 22:49:37,723]: envido(2)
[AccionesJuego] DEBUG [2016-09-06 22:49:37,723]: startLoopEnvido
[AccionesJuego] DEBUG [2016-09-06 22:49:37,723]: ('getActionPlayer 1', ['Quiero', 0])
[AccionesJuego] DEBUG [2016-09-06 22:49:37,723]: noQuiero(1)
[AccionesJuego] DEBUG [2016-09-06 22:49:37,724]: winnerEnvido(2)
[AccionesJuego] DEBUG [2016-09-06 22:49:37,725]: finishLoopEnvido
[AccionesJuego] DEBUG [2016-09-06 22:49:37,725]: ('getActionPlayer 2', ['JugarCarta', 2])
[AccionesJuego] DEBUG [2016-09-06 22:49:37,725]: showCardPlaying(2,2,3_espada)
[AccionesJuego] DEBUG [2016-09-06 22:49:37,725]: finishHand
[AccionesJuego] DEBUG [2016-09-06 22:49:37,725]: parda
[AccionesJuego] DEBUG [2016-09-06 22:49:37,726]: startHand(2)
[AccionesJuego] DEBUG [2016-09-06 22:49:37,726]: ('getActionPlayer 2', ['JugarCarta', 2])
[AccionesJuego] DEBUG [2016-09-06 22:49:37,726]: ('getActionPlayer 2', ['JugarCarta', 2])
[AccionesJuego] DEBUG [2016-09-06 22:49:37,726]: ('getActionPlayer 2', ['JugarCarta', 1])
[AccionesJuego] DEBUG [2016-09-06 22:49:37,727]: showCardPlaying(2,2,3_oro)
[AccionesJuego] DEBUG [2016-09-06 22:49:37,727]: ('getActionPlayer 1', ['JugarCarta', 2])
[AccionesJuego] DEBUG [2016-09-06 22:49:37,727]: ('getActionPlayer 1', ['JugarCarta', 1])
[AccionesJuego] DEBUG [2016-09-06 22:49:37,728]: showCardPlaying(1,1,7_copa)
[AccionesJuego] DEBUG [2016-09-06 22:49:37,728]: finishHand
[AccionesJuego] DEBUG [2016-09-06 22:49:37,729]: showResultaTheHand(2,2,3_oro)
[AccionesJuego] DEBUG [2016-09-06 22:49:37,729]: finishRound
[AccionesJuego] DEBUG [2016-09-06 22:49:37,729]: startRound
[AccionesJuego] DEBUG [2016-09-06 22:49:37,730]: teamPoints(1,12)
[AccionesJuego] DEBUG [2016-09-06 22:49:37,730]: teamPoints(2,10)
[AccionesJuego] DEBUG [2016-09-06 22:49:37,732]: ('showCards(', 1, ',', ['4_basto', '1_espada', '6_oro'], ')')
[AccionesJuego] DEBUG [2016-09-06 22:49:37,733]: ('showCards(', 2, ',', ['3_copa', '11_copa', '1_basto'], ')')
[AccionesJuego] DEBUG [2016-09-06 22:49:37,734]: startHand(1)
[AccionesJuego] DEBUG [2016-09-06 22:49:37,734]: ('getActionPlayer 2', ['envido'])
[AccionesJuego] DEBUG [2016-09-06 22:49:37,734]: envido(2)
[AccionesJuego] DEBUG [2016-09-06 22:49:37,735]: startLoopEnvido
[AccionesJuego] DEBUG [2016-09-06 22:49:37,735]: ('getActionPlayer 1', ['Quiero', 1])
[AccionesJuego] DEBUG [2016-09-06 22:49:37,735]: Quiero(1)
[AccionesJuego] DEBUG [2016-09-06 22:49:37,736]: showEnvido(1,6)
[AccionesJuego] DEBUG [2016-09-06 22:49:37,736]: showEnvido(2,23)
[AccionesJuego] DEBUG [2016-09-06 22:49:37,737]: winnerEnvido(2)
[AccionesJuego] DEBUG [2016-09-06 22:49:37,737]: finishLoopEnvido
[AccionesJuego] DEBUG [2016-09-06 22:49:37,737]: ('getActionPlayer 2', ['JugarCarta', 2])
[AccionesJuego] DEBUG [2016-09-06 22:49:37,738]: showCardPlaying(2,2,1_basto)
[AccionesJuego] DEBUG [2016-09-06 22:49:37,738]: ('getActionPlayer 1', ['JugarCarta', 2])
[AccionesJuego] DEBUG [2016-09-06 22:49:37,739]: showCardPlaying(1,1,6_oro)
[AccionesJuego] DEBUG [2016-09-06 22:49:37,739]: finishHand
[AccionesJuego] DEBUG [2016-09-06 22:49:37,739]: showResultaTheHand(2,2,1_basto)
[AccionesJuego] DEBUG [2016-09-06 22:49:37,740]: startHand(2)
[AccionesJuego] DEBUG [2016-09-06 22:49:37,740]: ('getActionPlayer 2', ['JugarCarta', 2])
[AccionesJuego] DEBUG [2016-09-06 22:49:37,740]: ('getActionPlayer 2', ['JugarCarta', 1])
[AccionesJuego] DEBUG [2016-09-06 22:49:37,741]: showCardPlaying(2,2,11_copa)
[AccionesJuego] DEBUG [2016-09-06 22:49:37,741]: ('getActionPlayer 1', ['JugarCarta', 1])
[AccionesJuego] DEBUG [2016-09-06 22:49:37,743]: showCardPlaying(1,1,1_espada)
[AccionesJuego] DEBUG [2016-09-06 22:49:37,744]: finishHand
[AccionesJuego] DEBUG [2016-09-06 22:49:37,746]: showResultaTheHand(1,1,1_espada)
[AccionesJuego] DEBUG [2016-09-06 22:49:37,747]: startHand(3)
[AccionesJuego] DEBUG [2016-09-06 22:49:37,747]: ('getActionPlayer 2', ['JugarCarta', 2])
[AccionesJuego] DEBUG [2016-09-06 22:49:37,747]: ('getActionPlayer 2', ['JugarCarta', 2])
[AccionesJuego] DEBUG [2016-09-06 22:49:37,747]: ('getActionPlayer 2', ['JugarCarta', 0])
[AccionesJuego] DEBUG [2016-09-06 22:49:37,748]: showCardPlaying(2,2,3_copa)
[AccionesJuego] DEBUG [2016-09-06 22:49:37,748]: ('getActionPlayer 1', ['JugarCarta', 1])
[AccionesJuego] DEBUG [2016-09-06 22:49:37,748]: ('getActionPlayer 1', ['JugarCarta', 1])
[AccionesJuego] DEBUG [2016-09-06 22:49:37,748]: ('getActionPlayer 1', ['JugarCarta', 2])
[AccionesJuego] DEBUG [2016-09-06 22:49:37,748]: ('getActionPlayer 1', ['JugarCarta', 0])
[AccionesJuego] DEBUG [2016-09-06 22:49:37,749]: showCardPlaying(1,1,4_basto)
[AccionesJuego] DEBUG [2016-09-06 22:49:37,749]: finishHand
[AccionesJuego] DEBUG [2016-09-06 22:49:37,750]: showResultaTheHand(2,2,3_copa)
[AccionesJuego] DEBUG [2016-09-06 22:49:37,750]: finishRound
[AccionesJuego] DEBUG [2016-09-06 22:49:37,750]: startRound
[AccionesJuego] DEBUG [2016-09-06 22:49:37,751]: teamPoints(1,12)
[AccionesJuego] DEBUG [2016-09-06 22:49:37,751]: teamPoints(2,14)
[AccionesJuego] DEBUG [2016-09-06 22:49:37,751]: ('showCards(', 1, ',', ['12_espada', '3_espada', '6_oro'], ')')
[AccionesJuego] DEBUG [2016-09-06 22:49:37,753]: ('showCards(', 2, ',', ['10_oro', '2_espada', '11_copa'], ')')
[AccionesJuego] DEBUG [2016-09-06 22:49:37,753]: startHand(1)
[AccionesJuego] DEBUG [2016-09-06 22:49:37,753]: ('getActionPlayer 2', ['envido'])
[AccionesJuego] DEBUG [2016-09-06 22:49:37,754]: envido(2)
[AccionesJuego] DEBUG [2016-09-06 22:49:37,754]: startLoopEnvido
[AccionesJuego] DEBUG [2016-09-06 22:49:37,754]: ('getActionPlayer 1', ['Quiero', 1])
[AccionesJuego] DEBUG [2016-09-06 22:49:37,754]: Quiero(1)
[AccionesJuego] DEBUG [2016-09-06 22:49:37,755]: showEnvido(1,23)
[AccionesJuego] DEBUG [2016-09-06 22:49:37,755]: showEnvido(2,2)
[AccionesJuego] DEBUG [2016-09-06 22:49:37,757]: winnerEnvido(1)
[AccionesJuego] DEBUG [2016-09-06 22:49:37,757]: finishLoopEnvido
[AccionesJuego] DEBUG [2016-09-06 22:49:37,757]: ('getActionPlayer 2', ['JugarCarta', 0])
[AccionesJuego] DEBUG [2016-09-06 22:49:37,757]: showCardPlaying(2,2,10_oro)
[AccionesJuego] DEBUG [2016-09-06 22:49:37,757]: ('getActionPlayer 1', ['JugarCarta', 1])
[AccionesJuego] DEBUG [2016-09-06 22:49:37,758]: showCardPlaying(1,1,3_espada)
[AccionesJuego] DEBUG [2016-09-06 22:49:37,758]: finishHand
[AccionesJuego] DEBUG [2016-09-06 22:49:37,758]: showResultaTheHand(1,1,3_espada)
[AccionesJuego] DEBUG [2016-09-06 22:49:37,758]: startHand(2)
[AccionesJuego] DEBUG [2016-09-06 22:49:37,759]: ('getActionPlayer 2', ['JugarCarta', 2])
[AccionesJuego] DEBUG [2016-09-06 22:49:37,759]: showCardPlaying(2,2,11_copa)
[AccionesJuego] DEBUG [2016-09-06 22:49:37,759]: ('getActionPlayer 1', ['JugarCarta', 2])
[AccionesJuego] DEBUG [2016-09-06 22:49:37,760]: showCardPlaying(1,1,6_oro)
[AccionesJuego] DEBUG [2016-09-06 22:49:37,760]: finishHand
[AccionesJuego] DEBUG [2016-09-06 22:49:37,760]: showResultaTheHand(2,2,11_copa)
[AccionesJuego] DEBUG [2016-09-06 22:49:37,761]: startHand(3)
[AccionesJuego] DEBUG [2016-09-06 22:49:37,762]: ('getActionPlayer 2', ['JugarCarta', 2])
[AccionesJuego] DEBUG [2016-09-06 22:49:37,762]: ('getActionPlayer 2', ['JugarCarta', 2])
[AccionesJuego] DEBUG [2016-09-06 22:49:37,762]: ('getActionPlayer 2', ['JugarCarta', 1])
[AccionesJuego] DEBUG [2016-09-06 22:49:37,764]: showCardPlaying(2,2,2_espada)
[AccionesJuego] DEBUG [2016-09-06 22:49:37,765]: ('getActionPlayer 1', ['JugarCarta', 1])
[AccionesJuego] DEBUG [2016-09-06 22:49:37,765]: ('getActionPlayer 1', ['JugarCarta', 1])
[AccionesJuego] DEBUG [2016-09-06 22:49:37,765]: ('getActionPlayer 1', ['JugarCarta', 2])
[AccionesJuego] DEBUG [2016-09-06 22:49:37,767]: ('getActionPlayer 1', ['JugarCarta', 1])
[AccionesJuego] DEBUG [2016-09-06 22:49:37,767]: ('getActionPlayer 1', ['JugarCarta', 0])
[AccionesJuego] DEBUG [2016-09-06 22:49:37,769]: showCardPlaying(1,1,12_espada)
[AccionesJuego] DEBUG [2016-09-06 22:49:37,769]: finishHand
[AccionesJuego] DEBUG [2016-09-06 22:49:37,771]: showResultaTheHand(2,2,2_espada)
[AccionesJuego] DEBUG [2016-09-06 22:49:37,772]: finishRound
[AccionesJuego] DEBUG [2016-09-06 22:49:37,773]: startRound
[AccionesJuego] DEBUG [2016-09-06 22:49:37,774]: teamPoints(1,14)
[AccionesJuego] DEBUG [2016-09-06 22:49:37,776]: teamPoints(2,16)
[AccionesJuego] DEBUG [2016-09-06 22:49:37,777]: ('showCards(', 1, ',', ['5_basto', '2_oro', '5_oro'], ')')
[AccionesJuego] DEBUG [2016-09-06 22:49:37,777]: ('showCards(', 2, ',', ['7_copa', '3_basto', '6_basto'], ')')
[AccionesJuego] DEBUG [2016-09-06 22:49:37,777]: startHand(1)
[AccionesJuego] DEBUG [2016-09-06 22:49:37,777]: ('getActionPlayer 2', ['envido'])
[AccionesJuego] DEBUG [2016-09-06 22:49:37,777]: envido(2)
[AccionesJuego] DEBUG [2016-09-06 22:49:37,777]: startLoopEnvido
[AccionesJuego] DEBUG [2016-09-06 22:49:37,777]: ('getActionPlayer 1', ['Quiero', 1])
[AccionesJuego] DEBUG [2016-09-06 22:49:37,780]: Quiero(1)
[AccionesJuego] DEBUG [2016-09-06 22:49:37,781]: showEnvido(1,27)
[AccionesJuego] DEBUG [2016-09-06 22:49:37,784]: showEnvido(2,29)
[AccionesJuego] DEBUG [2016-09-06 22:49:37,785]: winnerEnvido(2)
[AccionesJuego] DEBUG [2016-09-06 22:49:37,785]: finishLoopEnvido
[AccionesJuego] DEBUG [2016-09-06 22:49:37,786]: ('getActionPlayer 2', ['JugarCarta', 2])
[AccionesJuego] DEBUG [2016-09-06 22:49:37,787]: showCardPlaying(2,2,6_basto)
[AccionesJuego] DEBUG [2016-09-06 22:49:37,788]: ('getActionPlayer 1', ['JugarCarta', 1])
[AccionesJuego] DEBUG [2016-09-06 22:49:37,789]: showCardPlaying(1,1,2_oro)
[AccionesJuego] DEBUG [2016-09-06 22:49:37,789]: finishHand
[AccionesJuego] DEBUG [2016-09-06 22:49:37,791]: showResultaTheHand(1,1,2_oro)
[AccionesJuego] DEBUG [2016-09-06 22:49:37,792]: startHand(2)
[AccionesJuego] DEBUG [2016-09-06 22:49:37,792]: ('getActionPlayer 2', ['JugarCarta', 1])
[AccionesJuego] DEBUG [2016-09-06 22:49:37,794]: showCardPlaying(2,2,3_basto)
[AccionesJuego] DEBUG [2016-09-06 22:49:37,794]: ('getActionPlayer 1', ['JugarCarta', 2])
[AccionesJuego] DEBUG [2016-09-06 22:49:37,798]: showCardPlaying(1,1,5_oro)
[AccionesJuego] DEBUG [2016-09-06 22:49:37,799]: finishHand
[AccionesJuego] DEBUG [2016-09-06 22:49:37,799]: showResultaTheHand(2,2,3_basto)
[AccionesJuego] DEBUG [2016-09-06 22:49:37,799]: startHand(3)
[AccionesJuego] DEBUG [2016-09-06 22:49:37,799]: ('getActionPlayer 2', ['JugarCarta', 2])
[AccionesJuego] DEBUG [2016-09-06 22:49:37,799]: ('getActionPlayer 2', ['JugarCarta', 2])
[AccionesJuego] DEBUG [2016-09-06 22:49:37,799]: ('getActionPlayer 2', ['JugarCarta', 2])
[AccionesJuego] DEBUG [2016-09-06 22:49:37,799]: ('getActionPlayer 2', ['JugarCarta', 0])
[AccionesJuego] DEBUG [2016-09-06 22:49:37,800]: showCardPlaying(2,2,7_copa)
[AccionesJuego] DEBUG [2016-09-06 22:49:37,800]: ('getActionPlayer 1', ['JugarCarta', 2])
[AccionesJuego] DEBUG [2016-09-06 22:49:37,801]: ('getActionPlayer 1', ['JugarCarta', 1])
[AccionesJuego] DEBUG [2016-09-06 22:49:37,801]: ('getActionPlayer 1', ['JugarCarta', 1])
[AccionesJuego] DEBUG [2016-09-06 22:49:37,801]: ('getActionPlayer 1', ['JugarCarta', 0])
[AccionesJuego] DEBUG [2016-09-06 22:49:37,802]: showCardPlaying(1,1,5_basto)
[AccionesJuego] DEBUG [2016-09-06 22:49:37,802]: finishHand
[AccionesJuego] DEBUG [2016-09-06 22:49:37,803]: showResultaTheHand(2,2,7_copa)
[AccionesJuego] DEBUG [2016-09-06 22:49:37,803]: finishRound
[AccionesJuego] DEBUG [2016-09-06 22:49:37,803]: startRound
[AccionesJuego] DEBUG [2016-09-06 22:49:37,804]: teamPoints(1,14)
[AccionesJuego] DEBUG [2016-09-06 22:49:37,804]: teamPoints(2,20)
[AccionesJuego] DEBUG [2016-09-06 22:49:37,805]: ('showCards(', 1, ',', ['3_copa', '3_basto', '5_espada'], ')')
[AccionesJuego] DEBUG [2016-09-06 22:49:37,806]: ('showCards(', 2, ',', ['4_basto', '5_oro', '6_oro'], ')')
[AccionesJuego] DEBUG [2016-09-06 22:49:37,806]: startHand(1)
[AccionesJuego] DEBUG [2016-09-06 22:49:37,806]: ('getActionPlayer 2', ['envido'])
[AccionesJuego] DEBUG [2016-09-06 22:49:37,807]: envido(2)
[AccionesJuego] DEBUG [2016-09-06 22:49:37,807]: startLoopEnvido
[AccionesJuego] DEBUG [2016-09-06 22:49:37,807]: ('getActionPlayer 1', ['Quiero', 0])
[AccionesJuego] DEBUG [2016-09-06 22:49:37,807]: noQuiero(1)
[AccionesJuego] DEBUG [2016-09-06 22:49:37,808]: winnerEnvido(2)
[AccionesJuego] DEBUG [2016-09-06 22:49:37,808]: finishLoopEnvido
[AccionesJuego] DEBUG [2016-09-06 22:49:37,808]: ('getActionPlayer 2', ['JugarCarta', 2])
[AccionesJuego] DEBUG [2016-09-06 22:49:37,809]: showCardPlaying(2,2,6_oro)
[AccionesJuego] DEBUG [2016-09-06 22:49:37,809]: ('getActionPlayer 2', ['JugarCarta', 0])
[AccionesJuego] DEBUG [2016-09-06 22:49:37,810]: showCardPlaying(2,2,4_basto)
[AccionesJuego] DEBUG [2016-09-06 22:49:37,810]: finishHand
