DEBUG [2016-08-04 20:17:57,553][SVR]: ('EC 0', 'Iniciando Juego')
DEBUG [2016-08-04 20:17:57,554][SVR]: ('EC 1', '[getTurn-turn] 0')
DEBUG [2016-08-04 20:17:57,554][SVR]: ('EC 2', '[getTurn-turn] 1')
DEBUG [2016-08-04 20:17:57,554][SVR]: ('EC 3', '[getTurn-turn] 2')
DEBUG [2016-08-04 20:18:47,483][SVR]: ('EC 0', 'Iniciando Juego')
DEBUG [2016-08-04 20:19:05,773][SVR]: ('EC 0', 'Iniciando Juego')
DEBUG [2016-08-04 20:21:46,253][SVR]: ('EC 0', 'Iniciando Juego')
DEBUG [2016-08-04 20:21:46,253][SVR]: ('EC 1', '[getTurn-turn] 0')
DEBUG [2016-08-04 20:21:46,253][SVR]: ('EC 2', '[getTurn-turn] 1')
DEBUG [2016-08-04 20:21:46,254][SVR]: ('EC 3', '[getTurn-turn] 2')
DEBUG [2016-08-04 20:23:35,775][SVR]: ('EC 0', 'Iniciando Juego')
DEBUG [2016-08-04 20:24:18,829][SVR]: ('EC 0', 'Iniciando Juego')
DEBUG [2016-08-04 20:25:46,809][SVR]: ('EC 0', 'Iniciando Juego')
DEBUG [2016-08-04 20:30:00,663][SVR]: ('EC 0', 'Iniciando Juego')
DEBUG [2016-08-04 20:30:00,664][SVR]: ('EC 1', '[getTurn-turn] 0')
DEBUG [2016-08-04 20:30:00,664][SVR]: ('EC 2', '[getTurn-turn] 1')
DEBUG [2016-08-04 20:31:13,198][SVR]: ('EC 0', 'Iniciando Juego')
DEBUG [2016-08-04 20:31:13,198][SVR]: ('EC 1', '[getTurn-turn] 0')
DEBUG [2016-08-04 20:31:13,199][SVR]: ('EC 2', '[getTurn-turn] 1')
DEBUG [2016-08-04 20:31:13,199][SVR]: ('EC 3', '[getTurn-turn] 2')
DEBUG [2016-08-04 20:32:20,336][SVR]: ('EC 4', 'Iniciando Juego')
DEBUG [2016-08-04 20:32:20,336][SVR]: ('EC 5', '[getTurn-turn] 0')
DEBUG [2016-08-04 20:32:20,337][SVR]: ('EC 6', '[getTurn-turn] 1')
DEBUG [2016-08-04 20:32:20,337][SVR]: ('EC 7', '[getTurn-turn] 2')
DEBUG [2016-08-04 20:32:23,552][SVR]: ('EC 0', 'Iniciando Juego')
DEBUG [2016-08-04 20:32:23,553][SVR]: ('EC 1', '[getTurn-turn] 0')
DEBUG [2016-08-04 20:32:23,555][SVR]: ('EC 2', '[getTurn-turn] 1')
DEBUG [2016-08-04 20:32:23,556][SVR]: ('EC 3', '[getTurn-turn] 2')
DEBUG [2016-08-04 20:33:15,514][SVR]: ('EC 0', 'Iniciando Juego')
DEBUG [2016-08-04 20:33:15,514][SVR]: ('EC 1', '[getTurn-turn] 0')
DEBUG [2016-08-04 20:33:15,514][SVR]: ('EC 2', '[getTurn-turn] 1')
DEBUG [2016-08-04 20:33:15,514][SVR]: ('EC 3', '[getTurn-turn] 2')
DEBUG [2016-08-04 20:34:04,313][SVR]: ('EC 0', 'Iniciando Juego')
DEBUG [2016-08-04 20:34:04,314][SVR]: ('EC 1', '[getTurn-turn] 0')
DEBUG [2016-08-04 20:34:04,314][SVR]: ('EC 2', '[getTurn-turn] 1')
DEBUG [2016-08-04 20:34:04,314][SVR]: ('EC 3', '[getTurn-turn] 2')
DEBUG [2016-08-04 20:37:14,953][SVR]: ('EC 4', 'Iniciando Juego')
DEBUG [2016-08-04 20:37:14,954][SVR]: ('EC 5', '[getTurn-turn] 0')
DEBUG [2016-08-04 20:37:14,954][SVR]: ('EC 6', '[getTurn-turn] 1')
DEBUG [2016-08-04 20:37:14,954][SVR]: ('EC 7', '[getTurn-turn] 2')
DEBUG [2016-08-04 20:37:23,865][SVR]: ('EC 8', '[getTurn-turn] 1')
DEBUG [2016-08-04 20:37:23,865][SVR]: ('EC 9', '[getTurn-turn] 2')
DEBUG [2016-08-04 20:37:23,865][SVR]: ('EC 10', '[getTurn-turn] 1')
DEBUG [2016-08-04 20:37:28,235][SVR]: ('EC 0', 'Iniciando Juego')
DEBUG [2016-08-04 20:37:28,236][SVR]: ('EC 1', '[getTurn-turn] 0')
DEBUG [2016-08-04 20:37:28,236][SVR]: ('EC 2', '[getTurn-turn] 1')
DEBUG [2016-08-04 20:37:28,236][SVR]: ('EC 3', '[getTurn-turn] 2')
DEBUG [2016-08-04 20:38:15,306][SVR]: ('EC 0', 'Iniciando Juego')
DEBUG [2016-08-04 20:38:15,307][SVR]: ('EC 1', '[getTurn-turn] 0')
DEBUG [2016-08-04 20:38:15,307][SVR]: ('EC 2', '[getTurn-turn] 1')
DEBUG [2016-08-04 20:38:15,307][SVR]: ('EC 3', '[getTurn-turn] 2')
DEBUG [2016-08-04 20:38:27,447][SVR]: ('EC 4', '[getTurn-turn] 1')
DEBUG [2016-08-04 20:38:27,448][SVR]: ('EC 5', '[getTurn-turn] 2')
DEBUG [2016-08-04 20:38:27,448][SVR]: ('EC 6', '[getTurn-turn] 1')
DEBUG [2016-08-04 20:39:22,902][SVR]: ('EC 7', 'Iniciando Juego')
DEBUG [2016-08-04 20:39:22,902][SVR]: ('EC 8', '[getTurn-turn] 0')
DEBUG [2016-08-04 20:39:22,903][SVR]: ('EC 9', '[getTurn-turn] 1')
DEBUG [2016-08-04 20:39:22,903][SVR]: ('EC 10', '[getTurn-turn] 2')
DEBUG [2016-08-04 20:39:34,122][SVR]: ('EC 0', 'Iniciando Juego')
DEBUG [2016-08-04 20:39:34,122][SVR]: ('EC 1', '[getTurn-turn] 0')
DEBUG [2016-08-04 20:39:34,123][SVR]: ('EC 2', '[getTurn-turn] 1')
DEBUG [2016-08-04 20:39:34,123][SVR]: ('EC 3', '[getTurn-turn] 2')
DEBUG [2016-08-04 20:39:34,123][SVR]: ('EC 4', '[getTurn-turn] 1')
DEBUG [2016-08-04 20:39:34,123][SVR]: ('EC 5', '[getTurn-turn] 2')
DEBUG [2016-08-04 20:39:34,123][SVR]: ('EC 6', '[getTurn-turn] 1')
DEBUG [2016-08-04 20:40:35,522][SVR]: ('EC 0', 'Iniciando Juego')
DEBUG [2016-08-04 20:40:35,523][SVR]: ('EC 1', '[getTurn-turn] 0')
DEBUG [2016-08-04 20:40:35,523][SVR]: ('EC 2', '[getTurn-turn] 1')
DEBUG [2016-08-04 20:40:35,523][SVR]: ('EC 3', '[getTurn-turn] 2')
DEBUG [2016-08-04 20:40:44,500][SVR]: ('EC 4', '[getTurn-turn] 1')
DEBUG [2016-08-04 20:40:44,500][SVR]: ('EC 5', '[getTurn-turn] 2')
DEBUG [2016-08-04 20:40:44,500][SVR]: ('EC 6', '[getTurn-turn] 1')
DEBUG [2016-08-04 20:42:29,778][SVR]: ('EC 0', 'Iniciando Juego')
DEBUG [2016-08-04 20:42:29,779][SVR]: ('EC 1', '[getTurn-turn] 0')
DEBUG [2016-08-04 20:42:29,779][SVR]: ('EC 2', '[getTurn-turn] 1')
DEBUG [2016-08-04 20:42:29,779][SVR]: ('EC 3', '[getTurn-turn] 2')
DEBUG [2016-08-04 20:42:40,439][SVR]: ('EC 0', 'Iniciando Juego')
DEBUG [2016-08-04 20:42:40,454][SVR]: ('EC 1', '[getTurn-turn] 0')
DEBUG [2016-08-04 20:42:40,455][SVR]: ('EC 2', '[getTurn-turn] 1')
DEBUG [2016-08-04 20:42:40,456][SVR]: ('EC 3', '[getTurn-turn] 2')
DEBUG [2016-08-04 20:42:49,954][SVR]: ('EC 4', '[getTurn-turn] 1')
DEBUG [2016-08-04 20:42:49,954][SVR]: ('EC 5', '[getTurn-turn] 2')
DEBUG [2016-08-04 20:42:49,954][SVR]: ('EC 6', '[getTurn-turn] 1')
DEBUG [2016-08-04 20:50:04,253][SVR]: ('EC 0', 'Iniciando Juego')
DEBUG [2016-08-04 20:50:04,254][SVR]: ('EC 1', '[getTurn-turn] 0')
DEBUG [2016-08-04 20:50:04,254][SVR]: ('EC 2', '[getTurn-turn] 1')
DEBUG [2016-08-04 20:50:04,254][SVR]: ('EC 3', '[getTurn-turn] 2')
DEBUG [2016-08-04 20:50:10,266][SVR]: ('EC 4', '[getTurn-turn] 1')
DEBUG [2016-08-04 20:50:10,266][SVR]: ('EC 5', '[getTurn-turn] 2')
DEBUG [2016-08-04 20:50:10,266][SVR]: ('EC 6', '[getTurn-turn] 1')
DEBUG [2016-08-04 20:51:21,133][SVR]: ('EC 0', 'Iniciando Juego')
DEBUG [2016-08-04 20:51:21,133][SVR]: ('EC 1', '[getTurn-turn] 0')
DEBUG [2016-08-04 20:51:21,133][SVR]: ('EC 2', '[getTurn-turn] 1')
DEBUG [2016-08-04 20:52:00,643][SVR]: ('EC 0', 'Iniciando Juego')
DEBUG [2016-08-04 20:52:00,644][SVR]: ('EC 1', '[getTurn-turn] 0')
DEBUG [2016-08-04 20:52:00,644][SVR]: ('EC 2', '[getTurn-turn] 1')
DEBUG [2016-08-04 20:52:00,644][SVR]: ('EC 3', '[getTurn-turn] 2')
DEBUG [2016-08-04 20:52:04,295][SVR]: ('EC 4', '[getTurn-turn] 1')
DEBUG [2016-08-04 20:52:04,295][SVR]: ('EC 5', '[getTurn-turn] 2')
DEBUG [2016-08-04 20:53:01,830][SVR]: ('EC 0', 'Iniciando Juego')
DEBUG [2016-08-04 20:53:01,831][SVR]: ('EC 1', '[getTurn-turn] 0')
DEBUG [2016-08-04 20:53:01,831][SVR]: ('EC 2', '[getTurn-turn] 1')
DEBUG [2016-08-04 20:53:01,831][SVR]: ('EC 3', '[getTurn-turn] 2')
DEBUG [2016-08-04 20:53:04,854][SVR]: ('EC 4', '[getTurn-turn] 1')
DEBUG [2016-08-04 20:53:04,855][SVR]: ('EC 5', '[getTurn-turn] 2')
DEBUG [2016-08-04 20:53:04,855][SVR]: ('EC 6', '[getTurn-turn] 1')
DEBUG [2016-08-04 21:01:13,944][SVR]: ('EC 0', 'Iniciando Juego')
DEBUG [2016-08-04 21:01:47,535][SVR]: ('EC 0', 'Iniciando Juego')
DEBUG [2016-08-04 21:04:05,345][SVR]: ('EC 0', 'Iniciando Juego')
DEBUG [2016-08-04 21:04:05,345][SVR]: ('EC 1', '[getTurn-turn] 0')
DEBUG [2016-08-04 21:04:05,345][SVR]: ('EC 2', '[getTurn-turn] 1')
DEBUG [2016-08-04 21:05:08,471][SVR]: ('EC 3', 'Iniciando Juego')
DEBUG [2016-08-04 21:05:08,472][SVR]: ('EC 4', '[getTurn-turn] 0')
DEBUG [2016-08-04 21:05:08,472][SVR]: ('EC 5', '[getTurn-turn] 1')
DEBUG [2016-08-04 21:05:11,569][SVR]: ('EC 0', 'Iniciando Juego')
DEBUG [2016-08-04 21:05:11,570][SVR]: ('EC 1', '[getTurn-turn] 0')
DEBUG [2016-08-04 21:05:11,570][SVR]: ('EC 2', '[getTurn-turn] 1')
DEBUG [2016-08-04 21:05:11,570][SVR]: ('EC 3', '[getTurn-turn] 2')
DEBUG [2016-08-04 21:05:20,632][SVR]: ('EC 4', '[getTurn-turn] 1')
DEBUG [2016-08-04 21:05:20,632][SVR]: ('EC 5', '[getTurn-turn] 2')
DEBUG [2016-08-04 21:05:20,633][SVR]: ('EC 6', '[getTurn-turn] 1')
DEBUG [2016-08-05 00:47:40,373][SVR]: ('EC 0', 'Iniciando Juego')
DEBUG [2016-08-05 00:47:40,374][SVR]: ('EC 1', '[getTurn-turn] 0')
DEBUG [2016-08-05 00:47:40,374][SVR]: ('EC 2', '[getTurn-turn] 1')
DEBUG [2016-08-05 00:47:40,374][SVR]: ('EC 3', '[getTurn-turn] 2')
DEBUG [2016-08-05 00:47:53,541][SVR]: ('EC 4', '[getTurn-turn] 1')
DEBUG [2016-08-05 00:47:53,541][SVR]: ('EC 5', '[getTurn-turn] 2')
DEBUG [2016-08-05 00:47:53,541][SVR]: ('EC 6', '[getTurn-turn] 1')
DEBUG [2016-08-05 00:48:52,904][SVR]: ('EC 0', 'Iniciando Juego')
DEBUG [2016-08-05 00:48:52,905][SVR]: ('EC 1', '[getTurn-turn] 0')
DEBUG [2016-08-05 00:48:52,905][SVR]: ('EC 2', '[getTurn-turn] 1')
DEBUG [2016-08-05 00:48:53,780][SVR]: ('EC 3', '[getTurn-turn] 2')
DEBUG [2016-08-05 00:48:56,276][SVR]: ('EC 4', '[getTurn-turn] 1')
DEBUG [2016-08-05 00:48:56,276][SVR]: ('EC 5', '[getTurn-turn] 2')
DEBUG [2016-08-05 00:49:00,964][SVR]: ('EC 6', '[getTurn-turn] 1')
DEBUG [2016-08-05 00:53:09,673][SVR]: ('EC 0', 'Iniciando Juego')
DEBUG [2016-08-05 00:53:09,681][SVR]: ('EC 1', '[getTurn-turn] 0')
DEBUG [2016-08-05 00:53:10,366][SVR]: ('EC 2', '[getTurn-turn] 1')
DEBUG [2016-08-05 00:53:11,614][SVR]: ('EC 3', '[getTurn-turn] 2')
DEBUG [2016-08-05 00:53:12,158][SVR]: ('EC 4', '[getTurn-turn] 1')
DEBUG [2016-08-05 19:51:31,186][SVR]: ('EC 0', 'Iniciando Juego')
DEBUG [2016-08-05 19:51:31,186][SVR]: ('EC 1', '[getTurn-turn] 0')
DEBUG [2016-08-05 19:51:32,806][SVR]: ('EC 2', '[getTurn-turn] 1')
DEBUG [2016-08-05 19:52:04,070][SVR]: ('EC 3', '[getTurn-turn] 2')
DEBUG [2016-08-05 19:52:15,653][SVR]: ('EC 4', '[getTurn-turn] 1')
DEBUG [2016-08-05 19:52:20,213][SVR]: ('EC 5', '[getTurn-turn] 2')
DEBUG [2016-08-05 19:52:53,268][SVR]: ('EC 6', '[getTurn-turn] 1')
DEBUG [2016-08-05 19:53:28,042][SVR]: ('EC 0', 'Iniciando Juego')
DEBUG [2016-08-05 19:53:28,043][SVR]: ('EC 1', '[getTurn-turn] 0')
DEBUG [2016-08-05 19:53:28,691][SVR]: ('EC 2', '[getTurn-turn] 1')
DEBUG [2016-08-05 19:53:32,547][SVR]: ('EC 3', '[getTurn-turn] 2')
DEBUG [2016-08-05 19:53:35,939][SVR]: ('EC 4', '[getTurn-turn] 1')
DEBUG [2016-08-05 19:53:58,787][SVR]: ('EC 5', 'Juego Terminado')
DEBUG [2016-08-05 19:54:07,490][SVR]: ('EC 6', 'Iniciando Juego')
DEBUG [2016-08-05 19:54:07,491][SVR]: ('EC 7', '[getTurn-turn] 0')
DEBUG [2016-08-05 19:55:04,497][SVR]: ('EC 8', '[getTurn-turn] 1')
DEBUG [2016-08-05 19:55:05,281][SVR]: ('EC 9', '[getTurn-turn] 2')
DEBUG [2016-08-05 19:55:11,825][SVR]: ('EC 10', '[getTurn-turn] 1')
DEBUG [2016-08-05 19:55:15,169][SVR]: ('EC 11', 'Juego Terminado')
INFO [2016-08-05 19:59:22,747][SVR]: ('EC 5', ' En la mano anterior ocurrio una parda pero en la mano actual no                 El ganador de la mano actual es el ganador de la ronda')
INFO [2016-08-05 20:00:31,722][SVR]: ('EC 5', ' En la mano anterior ocurrio una parda pero en la mano actual no \n                 El ganador de la mano actual es el ganador de la ronda')
INFO [2016-08-05 20:01:05,753][SVR]: ('EC 5', ' En la mano anterior ocurrio una parda pero en la mano actual no \n                 El ganador de la mano actual es el ganador de la ronda')
INFO [2016-08-05 20:01:48,728][SVR]: ('EC 12', ' En la mano anterior no hubo parda pero en la mano actual hay una parda \n                 El jugador que gano la primera mano es el ganador de la ronda ')
INFO [2016-08-05 20:03:07,446][SVR]: ('EC 5', ' El Jugador que gana la mano actual es de el mismo equipo que gano la mano anterior \n                 El jugador de la mano actual es el ganador de la ronda')
INFO [2016-08-05 20:03:29,654][SVR]: ('EC 12', ' C0: El jugador que gana la mano actual no es del mismo equipo que gano la mano anterior \n                 El Juego continua siempre y cuando ocurra en la segunda mano \n                 Si esto ocurre en la tercera mano se verifica si el ganador de la mano es igual a el ganador de la primera mano')
INFO [2016-08-05 20:05:54,179][SVR]: ('EC 5', ' C0: El jugador que gana la mano actual no es del mismo equipo que gano la mano anterior \n                 El Juego continua siempre y cuando ocurra en la segunda mano \n                 Si esto ocurre en la tercera mano se verifica si el ganador de la mano es igual a el ganador de la primera mano')
INFO [2016-08-05 20:06:55,825][SVR]: ('EC 5', ' En la mano actual y en la anterior ocurrio una parta: \n                 El Juego continua siempre y cuando esto ocurra en la segunda ronda \n                 En el caso de que esto ocurra en la tercera mano el jugador mano de la primera mano es el ganador de la ronda')
INFO [2016-08-05 20:07:17,345][SVR]: ('EC 8', ' En la mano anterior ocurrio una parda pero en la mano actual no \n                 El ganador de la mano actual es el ganador de la ronda')
INFO [2016-08-05 20:07:26,561][SVR]: ('EC 15', ' En la mano anterior no hubo parda pero en la mano actual hay una parda \n                 El jugador que gano la primera mano es el ganador de la ronda ')
INFO [2016-08-05 20:07:38,721][SVR]: ('EC 22', ' El Jugador que gana la mano actual es de el mismo equipo que gano la mano anterior \n                 El jugador de la mano actual es el ganador de la ronda')
INFO [2016-08-05 20:07:49,121][SVR]: ('EC 29', ' El Jugador que gana la mano actual es de el mismo equipo que gano la mano anterior \n                 El jugador de la mano actual es el ganador de la ronda')
INFO [2016-08-05 20:07:55,088][SVR]: ('EC 36', ' En la mano anterior ocurrio una parda pero en la mano actual no \n                 El ganador de la mano actual es el ganador de la ronda')
INFO [2016-08-05 20:08:07,536][SVR]: ('EC 43', ' C0: El jugador que gana la mano actual no es del mismo equipo que gano la mano anterior \n                 El Juego continua siempre y cuando ocurra en la segunda mano \n                 Si esto ocurre en la tercera mano se verifica si el ganador de la mano es igual a el ganador de la primera mano')
INFO [2016-08-05 20:08:20,976][SVR]: ('EC 46', ' El Jugador que gana la mano actual es de el mismo equipo que gano la mano anterior \n                 El jugador de la mano actual es el ganador de la ronda')
INFO [2016-08-05 20:39:09,287][SVR]: ('EC 5', ' C0: El jugador que gana la mano actual no es del mismo equipo que gano la mano anterior \n                 El Juego continua siempre y cuando ocurra en la segunda mano \n                 Si esto ocurre en la tercera mano se verifica si el ganador de la mano es igual a el ganador de la primera mano')
INFO [2016-08-06 20:07:25,933][SVR]: ('EC 5', ' El Jugador que gana la mano actual es de el mismo equipo que gano la mano anterior \n                 El jugador de la mano actual es el ganador de la ronda')
INFO [2016-08-07 15:30:37,489][SVR]: ('EC 12', ' El Jugador que gana la mano actual es de el mismo equipo que gano la mano anterior \n                 El jugador de la mano actual es el ganador de la ronda')
INFO [2016-08-07 15:30:44,657][SVR]: ('EC 19', ' En la mano anterior no hubo parda pero en la mano actual hay una parda \n                 El jugador que gano la primera mano es el ganador de la ronda ')
INFO [2016-08-07 15:30:57,520][SVR]: ('EC 26', ' El Jugador que gana la mano actual es de el mismo equipo que gano la mano anterior \n                 El jugador de la mano actual es el ganador de la ronda')
INFO [2016-08-07 15:31:18,960][SVR]: ('EC 33', ' El Jugador que gana la mano actual es de el mismo equipo que gano la mano anterior \n                 El jugador de la mano actual es el ganador de la ronda')
INFO [2016-08-07 15:31:24,624][SVR]: ('EC 40', ' C0: El jugador que gana la mano actual no es del mismo equipo que gano la mano anterior \n                 El Juego continua siempre y cuando ocurra en la segunda mano \n                 Si esto ocurre en la tercera mano se verifica si el ganador de la mano es igual a el ganador de la primera mano')
INFO [2016-08-08 19:58:55,747][SVR]: ('EC 5', ' C0: El jugador que gana la mano actual no es del mismo equipo que gano la mano anterior \n                 El Juego continua siempre y cuando ocurra en la segunda mano \n                 Si esto ocurre en la tercera mano se verifica si el ganador de la mano es igual a el ganador de la primera mano')
INFO [2016-08-08 19:58:58,522][SVR]: ('EC 5', ' En la mano anterior no hubo parda pero en la mano actual hay una parda \n                 El jugador que gano la primera mano es el ganador de la ronda ')
INFO [2016-08-08 19:59:02,932][SVR]: ('EC 5', ' El Jugador que gana la mano actual es de el mismo equipo que gano la mano anterior \n                 El jugador de la mano actual es el ganador de la ronda')
INFO [2016-08-08 19:59:10,320][SVR]: ('EC 5', ' C0: El jugador que gana la mano actual no es del mismo equipo que gano la mano anterior \n                 El Juego continua siempre y cuando ocurra en la segunda mano \n                 Si esto ocurre en la tercera mano se verifica si el ganador de la mano es igual a el ganador de la primera mano')
INFO [2016-08-08 19:59:12,949][SVR]: ('EC 11', ' El Jugador que gana la mano actual es de el mismo equipo que gano la mano anterior \n                 El jugador de la mano actual es el ganador de la ronda')
